{"/workspace/SPNA/spna_admin/static/spna_admin/js/spna_admin.js": {"path":"/workspace/SPNA/spna_admin/static/spna_admin/js/spna_admin.js","statementMap":{"0":{"start":{"line":1,"column":0},"end":{"line":11,"column":2}},"1":{"start":{"line":2,"column":4},"end":{"line":2,"column":22}},"2":{"start":{"line":3,"column":4},"end":{"line":3,"column":21}},"3":{"start":{"line":4,"column":4},"end":{"line":4,"column":18}},"4":{"start":{"line":6,"column":14},"end":{"line":6,"column":59}},"5":{"start":{"line":7,"column":4},"end":{"line":7,"column":51}},"6":{"start":{"line":9,"column":14},"end":{"line":9,"column":60}},"7":{"start":{"line":10,"column":4},"end":{"line":10,"column":52}},"8":{"start":{"line":25,"column":20},"end":{"line":25,"column":22}},"9":{"start":{"line":26,"column":21},"end":{"line":26,"column":59}},"10":{"start":{"line":27,"column":24},"end":{"line":27,"column":64}},"11":{"start":{"line":29,"column":4},"end":{"line":40,"column":7}},"12":{"start":{"line":30,"column":8},"end":{"line":30,"column":35}},"13":{"start":{"line":31,"column":8},"end":{"line":39,"column":11}},"14":{"start":{"line":32,"column":12},"end":{"line":37,"column":13}},"15":{"start":{"line":33,"column":27},"end":{"line":33,"column":55}},"16":{"start":{"line":34,"column":16},"end":{"line":34,"column":37}},"17":{"start":{"line":36,"column":16},"end":{"line":36,"column":33}},"18":{"start":{"line":38,"column":12},"end":{"line":38,"column":40}},"19":{"start":{"line":47,"column":14},"end":{"line":47,"column":61}},"20":{"start":{"line":48,"column":21},"end":{"line":48,"column":59}},"21":{"start":{"line":49,"column":20},"end":{"line":49,"column":22}},"22":{"start":{"line":51,"column":4},"end":{"line":63,"column":5}},"23":{"start":{"line":51,"column":14},"end":{"line":51,"column":15}},"24":{"start":{"line":53,"column":8},"end":{"line":61,"column":9}},"25":{"start":{"line":54,"column":12},"end":{"line":54,"column":42}},"26":{"start":{"line":55,"column":12},"end":{"line":60,"column":13}},"27":{"start":{"line":56,"column":27},"end":{"line":56,"column":55}},"28":{"start":{"line":57,"column":16},"end":{"line":57,"column":37}},"29":{"start":{"line":59,"column":16},"end":{"line":59,"column":33}},"30":{"start":{"line":62,"column":8},"end":{"line":62,"column":36}},"31":{"start":{"line":68,"column":14},"end":{"line":68,"column":62}},"32":{"start":{"line":69,"column":21},"end":{"line":69,"column":59}},"33":{"start":{"line":70,"column":20},"end":{"line":70,"column":22}},"34":{"start":{"line":72,"column":4},"end":{"line":84,"column":9}},"35":{"start":{"line":72,"column":14},"end":{"line":72,"column":15}},"36":{"start":{"line":73,"column":8},"end":{"line":82,"column":9}},"37":{"start":{"line":74,"column":12},"end":{"line":74,"column":42}},"38":{"start":{"line":75,"column":12},"end":{"line":81,"column":17}},"39":{"start":{"line":76,"column":31},"end":{"line":76,"column":59}},"40":{"start":{"line":77,"column":20},"end":{"line":77,"column":37}},"41":{"start":{"line":78,"column":20},"end":{"line":78,"column":41}},"42":{"start":{"line":80,"column":20},"end":{"line":80,"column":37}},"43":{"start":{"line":83,"column":8},"end":{"line":83,"column":36}},"44":{"start":{"line":88,"column":25},"end":{"line":88,"column":95}},"45":{"start":{"line":89,"column":18},"end":{"line":91,"column":2}},"46":{"start":{"line":90,"column":2},"end":{"line":90,"column":48}},"47":{"start":{"line":94,"column":22},"end":{"line":94,"column":74}},"48":{"start":{"line":95,"column":23},"end":{"line":95,"column":71}},"49":{"start":{"line":96,"column":12},"end":{"line":96,"column":56}},"50":{"start":{"line":98,"column":0},"end":{"line":108,"column":3}},"51":{"start":{"line":99,"column":0},"end":{"line":108,"column":2}},"52":{"start":{"line":100,"column":4},"end":{"line":107,"column":3}},"53":{"start":{"line":101,"column":23},"end":{"line":101,"column":55}},"54":{"start":{"line":102,"column":22},"end":{"line":102,"column":73}},"55":{"start":{"line":104,"column":4},"end":{"line":106,"column":7}},"56":{"start":{"line":105,"column":8},"end":{"line":105,"column":85}}},"fnMap":{"0":{"name":"(anonymous_0)","decl":{"start":{"line":1,"column":44},"end":{"line":1,"column":45}},"loc":{"start":{"line":1,"column":55},"end":{"line":11,"column":1}},"line":1},"1":{"name":"selectButton","decl":{"start":{"line":24,"column":9},"end":{"line":24,"column":21}},"loc":{"start":{"line":24,"column":24},"end":{"line":41,"column":1}},"line":24},"2":{"name":"(anonymous_2)","decl":{"start":{"line":29,"column":26},"end":{"line":29,"column":27}},"loc":{"start":{"line":29,"column":38},"end":{"line":40,"column":5}},"line":29},"3":{"name":"(anonymous_3)","decl":{"start":{"line":31,"column":42},"end":{"line":31,"column":43}},"loc":{"start":{"line":31,"column":54},"end":{"line":39,"column":9}},"line":31},"4":{"name":"checkAllMembers","decl":{"start":{"line":46,"column":9},"end":{"line":46,"column":24}},"loc":{"start":{"line":46,"column":27},"end":{"line":64,"column":1}},"line":46},"5":{"name":"checkAllContacts","decl":{"start":{"line":67,"column":9},"end":{"line":67,"column":25}},"loc":{"start":{"line":67,"column":28},"end":{"line":85,"column":1}},"line":67},"6":{"name":"(anonymous_6)","decl":{"start":{"line":89,"column":41},"end":{"line":89,"column":42}},"loc":{"start":{"line":89,"column":69},"end":{"line":91,"column":1}},"line":89},"7":{"name":"(anonymous_7)","decl":{"start":{"line":99,"column":23},"end":{"line":99,"column":24}},"loc":{"start":{"line":99,"column":35},"end":{"line":108,"column":1}},"line":99},"8":{"name":"(anonymous_8)","decl":{"start":{"line":100,"column":37},"end":{"line":100,"column":38}},"loc":{"start":{"line":100,"column":49},"end":{"line":107,"column":1}},"line":100},"9":{"name":"(anonymous_9)","decl":{"start":{"line":104,"column":45},"end":{"line":104,"column":46}},"loc":{"start":{"line":104,"column":57},"end":{"line":106,"column":5}},"line":104}},"branchMap":{"0":{"loc":{"start":{"line":32,"column":12},"end":{"line":37,"column":13}},"type":"if","locations":[{"start":{"line":32,"column":12},"end":{"line":37,"column":13}},{"start":{"line":35,"column":19},"end":{"line":37,"column":13}}],"line":32},"1":{"loc":{"start":{"line":53,"column":8},"end":{"line":61,"column":9}},"type":"if","locations":[{"start":{"line":53,"column":8},"end":{"line":61,"column":9}},{"start":{},"end":{}}],"line":53},"2":{"loc":{"start":{"line":55,"column":12},"end":{"line":60,"column":13}},"type":"if","locations":[{"start":{"line":55,"column":12},"end":{"line":60,"column":13}},{"start":{"line":58,"column":19},"end":{"line":60,"column":13}}],"line":55},"3":{"loc":{"start":{"line":73,"column":8},"end":{"line":82,"column":9}},"type":"if","locations":[{"start":{"line":73,"column":8},"end":{"line":82,"column":9}},{"start":{},"end":{}}],"line":73},"4":{"loc":{"start":{"line":75,"column":12},"end":{"line":81,"column":17}},"type":"if","locations":[{"start":{"line":75,"column":12},"end":{"line":81,"column":17}},{"start":{"line":79,"column":23},"end":{"line":81,"column":17}}],"line":75},"5":{"loc":{"start":{"line":98,"column":0},"end":{"line":108,"column":3}},"type":"if","locations":[{"start":{"line":98,"column":0},"end":{"line":108,"column":3}},{"start":{},"end":{}}],"line":98}},"s":{"0":1,"1":0,"2":0,"3":0,"4":0,"5":0,"6":0,"7":0,"8":1,"9":1,"10":1,"11":1,"12":4,"13":4,"14":3,"15":2,"16":2,"17":1,"18":3,"19":2,"20":2,"21":2,"22":2,"23":2,"24":8,"25":8,"26":8,"27":4,"28":4,"29":4,"30":8,"31":2,"32":2,"33":2,"34":2,"35":2,"36":4,"37":4,"38":4,"39":2,"40":2,"41":2,"42":2,"43":4,"44":1,"45":1,"46":0,"47":1,"48":1,"49":1,"50":1,"51":0,"52":0,"53":0,"54":0,"55":0,"56":0},"f":{"0":0,"1":1,"2":4,"3":3,"4":2,"5":2,"6":0,"7":0,"8":0,"9":0},"b":{"0":[2,1],"1":[8,0],"2":[4,4],"3":[4,0],"4":[2,2],"5":[0,1]},"_coverageSchema":"1a1c01bbd47fc00a2c39e90264f33305004495a9","hash":"aa6bf5d9bd3a24bd828ccd145a057438a0deb608"}
}
