TN:
SF:spna_admin/static/spna_admin/js/spna_admin.js
FN:1,(anonymous_0)
FN:24,selectButton
FN:29,(anonymous_2)
FN:31,(anonymous_3)
FN:46,checkAllMembers
FN:67,checkAllContacts
FN:89,(anonymous_6)
FN:99,(anonymous_7)
FN:100,(anonymous_8)
FN:104,(anonymous_9)
FNF:10
FNH:5
FNDA:0,(anonymous_0)
FNDA:1,selectButton
FNDA:4,(anonymous_2)
FNDA:3,(anonymous_3)
FNDA:2,checkAllMembers
FNDA:2,checkAllContacts
FNDA:0,(anonymous_6)
FNDA:0,(anonymous_7)
FNDA:0,(anonymous_8)
FNDA:0,(anonymous_9)
DA:1,1
DA:2,0
DA:3,0
DA:4,0
DA:6,0
DA:7,0
DA:9,0
DA:10,0
DA:25,1
DA:26,1
DA:27,1
DA:29,1
DA:30,4
DA:31,4
DA:32,3
DA:33,2
DA:34,2
DA:36,1
DA:38,3
DA:47,2
DA:48,2
DA:49,2
DA:51,2
DA:53,8
DA:54,8
DA:55,8
DA:56,4
DA:57,4
DA:59,4
DA:62,8
DA:68,2
DA:69,2
DA:70,2
DA:72,2
DA:73,4
DA:74,4
DA:75,4
DA:76,2
DA:77,2
DA:78,2
DA:80,2
DA:83,4
DA:88,1
DA:89,1
DA:90,0
DA:94,1
DA:95,1
DA:96,1
DA:98,1
DA:99,0
DA:100,0
DA:101,0
DA:102,0
DA:104,0
DA:105,0
LF:55
LH:41
BRDA:32,0,0,2
BRDA:32,0,1,1
BRDA:53,1,0,8
BRDA:53,1,1,0
BRDA:55,2,0,4
BRDA:55,2,1,4
BRDA:73,3,0,4
BRDA:73,3,1,0
BRDA:75,4,0,2
BRDA:75,4,1,2
BRDA:98,5,0,0
BRDA:98,5,1,1
BRF:12
BRH:9
end_of_record
